This is pdfTeX, Version 3.14159265-2.6-1.40.16 (TeX Live 2015) (preloaded format=pdflatex 2015.5.24)  12 MAY 2016 13:37
entering extended mode
 restricted \write18 enabled.
 file:line:error style messages enabled.
 %&-line parsing enabled.
**HorowitzSchneiderFrank_Manuscript.tex
(./HorowitzSchneiderFrank_Manuscript.tex
LaTeX2e <2015/01/01>
Babel <3.9l> and hyphenation patterns for 79 languages loaded.
(./apa2.cls

LaTeX Warning: You have requested document class `apa2',
               but the document class provides `apa'.

Document Class: apa 2008/12/09 American Psychological Association format v1.3.4


Class apa Warning: Using BibTeX with apacite for citations and references.

(/usr/local/texlive/2015/texmf-dist/tex/latex/base/article.cls
Document Class: article 2014/09/29 v1.4h Standard LaTeX document class
(/usr/local/texlive/2015/texmf-dist/tex/latex/base/size11.clo
File: size11.clo 2014/09/29 v1.4h Standard LaTeX file (size option)
)
\c@part=\count79
\c@section=\count80
\c@subsection=\count81
\c@subsubsection=\count82
\c@paragraph=\count83
\c@subparagraph=\count84
\c@figure=\count85
\c@table=\count86
\abovecaptionskip=\skip41
\belowcaptionskip=\skip42
\bibindent=\dimen102
)
(/usr/local/texlive/2015/texmf-dist/tex/latex/apacite/apacite.sty
Package: apacite 2013/07/21 v6.03 APA citation
\c@BibCnt=\count87
\bibleftmargin=\skip43
\bibindent=\skip44
\bibparsep=\skip45
\bibitemsep=\skip46
\biblabelsep=\skip47
)
\b@level@one@skip=\skip48
\e@level@one@skip=\skip49
\b@level@two@skip=\skip50
\e@level@two@skip=\skip51
\b@level@three@skip=\skip52
\e@level@three@skip=\skip53
\b@level@four@skip=\skip54
\e@level@four@skip=\skip55
\b@level@five@skip=\skip56
\e@level@five@skip=\skip57
\c@APAenum=\count88
\@text@par@indent=\skip58
\gr@box=\box26
\gr@boxwidth=\skip59
\gr@boxheight=\skip60

(/usr/local/texlive/2015/texmf-dist/tex/latex/tools/bm.sty
Package: bm 2014/10/28 v1.1c Bold Symbol Support (DPC/FMi)
\symboldoperators=\mathgroup4
\symboldletters=\mathgroup5
\symboldsymbols=\mathgroup6
LaTeX Font Info:    Redeclaring math alphabet \mathbf on input line 141.
LaTeX Info: Redefining \bm on input line 207.
)
\c@appendix=\count89
)
(/usr/local/texlive/2015/texmf-dist/tex/latex/pslatex/pslatex.sty
Package: pslatex 1996/07/24 v1.2 pslatex emulation (DPC)
LaTeX Font Info:    Redeclaring symbol font `operators' on input line 65.
LaTeX Font Info:    Overwriting symbol font `operators' in version `normal'
(Font)                  OT1/cmr/m/n --> OT1/ptmcm/m/n on input line 65.
LaTeX Font Info:    Overwriting symbol font `operators' in version `bold'
(Font)                  OT1/cmr/bx/n --> OT1/ptmcm/m/n on input line 65.
LaTeX Font Info:    Redeclaring symbol font `letters' on input line 66.
LaTeX Font Info:    Overwriting symbol font `letters' in version `normal'
(Font)                  OML/cmm/m/it --> OML/ptmcm/m/it on input line 66.
LaTeX Font Info:    Overwriting symbol font `letters' in version `bold'
(Font)                  OML/cmm/b/it --> OML/ptmcm/m/it on input line 66.
LaTeX Font Info:    Redeclaring symbol font `symbols' on input line 67.
LaTeX Font Info:    Overwriting symbol font `symbols' in version `normal'
(Font)                  OMS/cmsy/m/n --> OMS/pzccm/m/n on input line 67.
LaTeX Font Info:    Overwriting symbol font `symbols' in version `bold'
(Font)                  OMS/cmsy/b/n --> OMS/pzccm/m/n on input line 67.
LaTeX Font Info:    Redeclaring symbol font `largesymbols' on input line 68.
LaTeX Font Info:    Overwriting symbol font `largesymbols' in version `normal'
(Font)                  OMX/cmex/m/n --> OMX/psycm/m/n on input line 68.
LaTeX Font Info:    Overwriting symbol font `largesymbols' in version `bold'
(Font)                  OMX/cmex/m/n --> OMX/psycm/m/n on input line 68.
\symbold=\mathgroup7
\symitalic=\mathgroup8
LaTeX Font Info:    Redeclaring math alphabet \mathbf on input line 74.
LaTeX Font Info:    Redeclaring math alphabet \mathit on input line 75.
LaTeX Font Info:    Overwriting math alphabet `\mathit' in version `normal'
(Font)                  OT1/cmr/m/it --> OT1/ptm/m/it on input line 75.
LaTeX Font Info:    Overwriting math alphabet `\mathit' in version `bold'
(Font)                  OT1/cmr/bx/it --> OT1/ptm/m/it on input line 75.
)
(/usr/local/texlive/2015/texmf-dist/tex/latex/amsfonts/amssymb.sty
Package: amssymb 2013/01/14 v3.01 AMS font symbols

(/usr/local/texlive/2015/texmf-dist/tex/latex/amsfonts/amsfonts.sty
Package: amsfonts 2013/01/14 v3.01 Basic AMSFonts support
\@emptytoks=\toks14
\symAMSa=\mathgroup9
\symAMSb=\mathgroup10
LaTeX Font Info:    Overwriting math alphabet `\mathfrak' in version `bold'
(Font)                  U/euf/m/n --> U/euf/b/n on input line 106.
))
(/usr/local/texlive/2015/texmf-dist/tex/latex/graphics/graphicx.sty
Package: graphicx 2014/10/28 v1.0g Enhanced LaTeX Graphics (DPC,SPQR)

(/usr/local/texlive/2015/texmf-dist/tex/latex/graphics/keyval.sty
Package: keyval 2014/10/28 v1.15 key=value parser (DPC)
\KV@toks@=\toks15
)
(/usr/local/texlive/2015/texmf-dist/tex/latex/graphics/graphics.sty
Package: graphics 2014/10/28 v1.0p Standard LaTeX Graphics (DPC,SPQR)

(/usr/local/texlive/2015/texmf-dist/tex/latex/graphics/trig.sty
Package: trig 1999/03/16 v1.09 sin cos tan (DPC)
)
(/usr/local/texlive/2015/texmf-dist/tex/latex/latexconfig/graphics.cfg
File: graphics.cfg 2010/04/23 v1.9 graphics configuration of TeX Live
)
Package graphics Info: Driver file: pdftex.def on input line 94.

(/usr/local/texlive/2015/texmf-dist/tex/latex/pdftex-def/pdftex.def
File: pdftex.def 2011/05/27 v0.06d Graphics/color for pdfTeX

(/usr/local/texlive/2015/texmf-dist/tex/generic/oberdiek/infwarerr.sty
Package: infwarerr 2010/04/08 v1.3 Providing info/warning/error messages (HO)
)
(/usr/local/texlive/2015/texmf-dist/tex/generic/oberdiek/ltxcmds.sty
Package: ltxcmds 2011/11/09 v1.22 LaTeX kernel commands for general use (HO)
)
\Gread@gobject=\count90
))
\Gin@req@height=\dimen103
\Gin@req@width=\dimen104
)
(/usr/local/texlive/2015/texmf-dist/tex/latex/graphics/color.sty
Package: color 2014/10/28 v1.1a Standard LaTeX Color (DPC)

(/usr/local/texlive/2015/texmf-dist/tex/latex/latexconfig/color.cfg
File: color.cfg 2007/01/18 v1.5 color configuration of teTeX/TeXLive
)
Package color Info: Driver file: pdftex.def on input line 142.
)
(./covington.sty
* covington.sty : Covington's linguistic macros, 2001 March 27 *
\c@equationsave=\count91
\lineone=\box27
\linetwo=\box28
\linethree=\box29
\wordone=\box30
\wordtwo=\box31
\wordthree=\box32
\gline=\box33
\glossglue=\skip61
\c@exercise=\count92
) (/usr/local/texlive/2015/texmf-dist/tex/latex/xcolor/xcolor.sty
Package: xcolor 2007/01/21 v2.11 LaTeX color extensions (UK)

(/usr/local/texlive/2015/texmf-dist/tex/latex/latexconfig/color.cfg
File: color.cfg 2007/01/18 v1.5 color configuration of teTeX/TeXLive
)
Package xcolor Info: Package option `usenames' ignored on input line 216.
Package xcolor Info: Driver file: pdftex.def on input line 225.
LaTeX Info: Redefining \color on input line 702.
Package xcolor Info: Model `cmy' substituted by `cmy0' on input line 1337.
Package xcolor Info: Model `hsb' substituted by `rgb' on input line 1341.
Package xcolor Info: Model `RGB' extended on input line 1353.
Package xcolor Info: Model `HTML' substituted by `rgb' on input line 1355.
Package xcolor Info: Model `Hsb' substituted by `hsb' on input line 1356.
Package xcolor Info: Model `tHsb' substituted by `hsb' on input line 1357.
Package xcolor Info: Model `HSB' substituted by `hsb' on input line 1358.
Package xcolor Info: Model `Gray' substituted by `gray' on input line 1359.
Package xcolor Info: Model `wave' substituted by `hsb' on input line 1360.

(/usr/local/texlive/2015/texmf-dist/tex/latex/graphics/dvipsnam.def
File: dvipsnam.def 2014/10/14 v3.0j Driver-dependent file (DPC,SPQR)
))
(/usr/local/texlive/2015/texmf-dist/tex/latex/booktabs/booktabs.sty
Package: booktabs 2005/04/14 v1.61803 publication quality tables
\heavyrulewidth=\dimen105
\lightrulewidth=\dimen106
\cmidrulewidth=\dimen107
\belowrulesep=\dimen108
\belowbottomsep=\dimen109
\aboverulesep=\dimen110
\abovetopsep=\dimen111
\cmidrulesep=\dimen112
\cmidrulekern=\dimen113
\defaultaddspace=\dimen114
\@cmidla=\count93
\@cmidlb=\count94
\@aboverulesep=\dimen115
\@belowrulesep=\dimen116
\@thisruleclass=\count95
\@lastruleclass=\count96
\@thisrulewidth=\dimen117
)
(/usr/local/texlive/2015/texmf-dist/tex/latex/setspace/setspace.sty
Package: setspace 2011/12/19 v6.7a set line spacing
)
(/usr/local/texlive/2015/texmf-dist/tex/latex/geometry/geometry.sty
Package: geometry 2010/09/12 v5.6 Page Geometry

(/usr/local/texlive/2015/texmf-dist/tex/generic/oberdiek/ifpdf.sty
Package: ifpdf 2011/01/30 v2.3 Provides the ifpdf switch (HO)
Package ifpdf Info: pdfTeX in PDF mode is detected.
)
(/usr/local/texlive/2015/texmf-dist/tex/generic/oberdiek/ifvtex.sty
Package: ifvtex 2010/03/01 v1.5 Detect VTeX and its facilities (HO)
Package ifvtex Info: VTeX not detected.
)
(/usr/local/texlive/2015/texmf-dist/tex/generic/ifxetex/ifxetex.sty
Package: ifxetex 2010/09/12 v0.6 Provides ifxetex conditional
)
\Gm@cnth=\count97
\Gm@cntv=\count98
\c@Gm@tempcnt=\count99
\Gm@bindingoffset=\dimen118
\Gm@wd@mp=\dimen119
\Gm@odd@mp=\dimen120
\Gm@even@mp=\dimen121
\Gm@layoutwidth=\dimen122
\Gm@layoutheight=\dimen123
\Gm@layouthoffset=\dimen124
\Gm@layoutvoffset=\dimen125
\Gm@dimlist=\toks16
)
(/usr/local/texlive/2015/texmf-dist/tex/latex/oberdiek/pdflscape.sty
Package: pdflscape 2008/08/11 v0.10 Display of landscape pages in PDF (HO)

(/usr/local/texlive/2015/texmf-dist/tex/latex/graphics/lscape.sty
Package: lscape 2000/10/22 v3.01 Landscape Pages (DPC)
)
Package pdflscape Info: Auto-detected driver: pdftex on input line 80.
)
(/usr/local/texlive/2015/texmf-dist/tex/latex/tools/array.sty
Package: array 2014/10/28 v2.4c Tabular extension package (FMi)
\col@sep=\dimen126
\extrarowheight=\dimen127
\NC@list=\toks17
\extratabsurround=\skip62
\backup@length=\skip63
)
(/usr/local/texlive/2015/texmf-dist/tex/latex/floatrow/floatrow.sty
Package: floatrow 2008/08/02 v0.3b floatrow: float package extension

(/usr/local/texlive/2015/texmf-dist/tex/latex/caption/caption3.sty
Package: caption3 2013/05/02 v1.6-88 caption3 kernel (AR)
Package caption3 Info: TeX engine: e-TeX on input line 57.
\captionmargin=\dimen128
\captionmargin@=\dimen129
\captionwidth=\dimen130
\caption@tempdima=\dimen131
\caption@indent=\dimen132
\caption@parindent=\dimen133
\caption@hangindent=\dimen134
Package caption Info: Unknown document class (or package),
(caption)             standard defaults will be used.
)
\c@float@type=\count100
\float@exts=\toks18
\float@box=\box34
\@floatcapt=\box35
Package floatrow Info: Modified float package code loaded on input line 455.
Package floatrow Info: Modified rotfloat package code loaded on input line 473.

\FR@everyfloat=\toks19
\flrow@foot=\insert233
\FB@wd=\dimen135
\FBo@wd=\dimen136
\FBc@wd=\dimen137
\FBo@ht=\skip64
\FBc@ht=\skip65
\FBf@ht=\skip66
\FBo@max=\skip67
\FBc@max=\skip68
\FBf@max=\skip69
\c@FBl@b=\count101
\floatbox@depth=\count102
\c@FRobj=\count103
\c@FRsobj=\count104
\Xhsize=\skip70
\sXhsize=\skip71
\Zhsize=\skip72
\sZhsize=\skip73
\flrow@rowbox=\box36
\FR@Zunitlength=\dimen138
\c@FBcnt=\count105
\FPOScnt=\count106
\LTleft=\skip74
\LTright=\skip75
\LTleft=\skip76
\LTright=\skip77
\flrow@types=\toks20
)
(./HorowitzSchneiderFrank_Manuscript.aux)
\openout1 = `HorowitzSchneiderFrank_Manuscript.aux'.

LaTeX Font Info:    Checking defaults for OML/cmm/m/it on input line 40.
LaTeX Font Info:    ... okay on input line 40.
LaTeX Font Info:    Checking defaults for T1/cmr/m/n on input line 40.
LaTeX Font Info:    ... okay on input line 40.
LaTeX Font Info:    Checking defaults for OT1/cmr/m/n on input line 40.
LaTeX Font Info:    ... okay on input line 40.
LaTeX Font Info:    Checking defaults for OMS/pzccm/m/n on input line 40.
LaTeX Font Info:    Try loading font information for OMS+pzccm on input line 40
.

(/usr/local/texlive/2015/texmf-dist/tex/latex/psnfss/omspzccm.fd
File: omspzccm.fd 2000/01/03 Fontinst v1.801 font definitions for OMS/pzccm.
)
LaTeX Font Info:    ... okay on input line 40.
LaTeX Font Info:    Checking defaults for OMX/cmex/m/n on input line 40.
LaTeX Font Info:    ... okay on input line 40.
LaTeX Font Info:    Checking defaults for U/cmr/m/n on input line 40.
LaTeX Font Info:    ... okay on input line 40.

(/usr/local/texlive/2015/texmf-dist/tex/latex/apa/english.apa
File: english.apa 2006/01/01
)
\c@maskedRefs=\count107

(/usr/local/texlive/2015/texmf-dist/tex/latex/apacite/english.apc
File: english.apc 2013/07/21 v6.03 apacite language file
LaTeX Info: Redefining \BPBI on input line 129.
LaTeX Info: Redefining \BHBI on input line 130.
)
(/usr/local/texlive/2015/texmf-dist/tex/context/base/supp-pdf.mkii
[Loading MPS to PDF converter (version 2006.09.02).]
\scratchcounter=\count108
\scratchdimen=\dimen139
\scratchbox=\box37
\nofMPsegments=\count109
\nofMParguments=\count110
\everyMPshowfont=\toks21
\MPscratchCnt=\count111
\MPscratchDim=\dimen140
\MPnumerator=\count112
\makeMPintoPDFobject=\count113
\everyMPtoPDFconversion=\toks22
) (/usr/local/texlive/2015/texmf-dist/tex/generic/oberdiek/pdftexcmds.sty
Package: pdftexcmds 2011/11/29 v0.20 Utility functions of pdfTeX for LuaTeX (HO
)

(/usr/local/texlive/2015/texmf-dist/tex/generic/oberdiek/ifluatex.sty
Package: ifluatex 2010/03/01 v1.3 Provides the ifluatex switch (HO)
Package ifluatex Info: LuaTeX not detected.
)
Package pdftexcmds Info: LuaTeX not detected.
Package pdftexcmds Info: \pdf@primitive is available.
Package pdftexcmds Info: \pdf@ifprimitive is available.
Package pdftexcmds Info: \pdfdraftmode found.
)
(/usr/local/texlive/2015/texmf-dist/tex/latex/oberdiek/epstopdf-base.sty
Package: epstopdf-base 2010/02/09 v2.5 Base part for package epstopdf

(/usr/local/texlive/2015/texmf-dist/tex/latex/oberdiek/grfext.sty
Package: grfext 2010/08/19 v1.1 Manage graphics extensions (HO)

(/usr/local/texlive/2015/texmf-dist/tex/generic/oberdiek/kvdefinekeys.sty
Package: kvdefinekeys 2011/04/07 v1.3 Define keys (HO)
))
(/usr/local/texlive/2015/texmf-dist/tex/latex/oberdiek/kvoptions.sty
Package: kvoptions 2011/06/30 v3.11 Key value format for package options (HO)

(/usr/local/texlive/2015/texmf-dist/tex/generic/oberdiek/kvsetkeys.sty
Package: kvsetkeys 2012/04/25 v1.16 Key value parser (HO)

(/usr/local/texlive/2015/texmf-dist/tex/generic/oberdiek/etexcmds.sty
Package: etexcmds 2011/02/16 v1.5 Avoid name clashes with e-TeX commands (HO)
Package etexcmds Info: Could not find \expanded.
(etexcmds)             That can mean that you are not using pdfTeX 1.50 or
(etexcmds)             that some package has redefined \expanded.
(etexcmds)             In the latter case, load this package earlier.
)))
Package grfext Info: Graphics extension search list:
(grfext)             [.png,.pdf,.jpg,.mps,.jpeg,.jbig2,.jb2,.PNG,.PDF,.JPG,.JPE
G,.JBIG2,.JB2,.eps]
(grfext)             \AppendGraphicsExtensions on input line 452.

(/usr/local/texlive/2015/texmf-dist/tex/latex/latexconfig/epstopdf-sys.cfg
File: epstopdf-sys.cfg 2010/07/13 v1.3 Configuration of (r)epstopdf for TeX Liv
e
))
*geometry* driver: auto-detecting
*geometry* detected driver: pdftex
*geometry* verbose mode - [ preamble ] result:
* driver: pdftex
* paper: <default>
* layout: <same size as paper>
* layoutoffset:(h,v)=(0.0pt,0.0pt)
* modes: 
* h-part:(L,W,R)=(92.14519pt, 430.00462pt, 92.14519pt)
* v-part:(T,H,B)=(95.39737pt, 556.47656pt, 143.09605pt)
* \paperwidth=614.295pt
* \paperheight=794.96999pt
* \textwidth=430.00462pt
* \textheight=556.47656pt
* \oddsidemargin=19.8752pt
* \evensidemargin=19.8752pt
* \topmargin=-13.87262pt
* \headheight=12.0pt
* \headsep=25.0pt
* \topskip=11.0pt
* \footskip=30.0pt
* \marginparwidth=59.0pt
* \marginparsep=10.0pt
* \columnsep=10.0pt
* \skip\footins=10.0pt plus 4.0pt minus 2.0pt
* \hoffset=0.0pt
* \voffset=0.0pt
* \mag=1000
* \@twocolumnfalse
* \@twosidefalse
* \@mparswitchfalse
* \@reversemarginfalse
* (1in=72.27pt=25.4mm, 1cm=28.453pt)

Package caption Info: Begin \AtBeginDocument code.
Package caption Info: End \AtBeginDocument code.
LaTeX Font Info:    Font shape `OT1/ptm/bx/n' in size <10.95> not available
(Font)              Font shape `OT1/ptm/b/n' tried instead on input line 41.

./HorowitzSchneiderFrank_Manuscript.tex:41: LaTeX Error: There's no line here t
o end.

See the LaTeX manual or LaTeX Companion for explanation.
Type  H <return>  for immediate help.
 ...                                              
                                                  
l.41 \maketitle
               
? 

./HorowitzSchneiderFrank_Manuscript.tex:41: LaTeX Error: There's no line here t
o end.

See the LaTeX manual or LaTeX Companion for explanation.
Type  H <return>  for immediate help.
 ...                                              
                                                  
l.41 \maketitle
               
? 
[1{/usr/local/texlive/2015/texmf-var/fonts/map/pdftex/updmap/pdftex.map}

]
[2]
LaTeX Font Info:    Try loading font information for OT1+ptmcm on input line 48
.
 (/usr/local/texlive/2015/texmf-dist/tex/latex/psnfss/ot1ptmcm.fd
File: ot1ptmcm.fd 2000/01/03 Fontinst v1.801 font definitions for OT1/ptmcm.
)
LaTeX Font Info:    Try loading font information for OML+ptmcm on input line 48
.

(/usr/local/texlive/2015/texmf-dist/tex/latex/psnfss/omlptmcm.fd
File: omlptmcm.fd 2000/01/03 Fontinst v1.801 font definitions for OML/ptmcm.
)
LaTeX Font Info:    Try loading font information for OMX+psycm on input line 48
.

(/usr/local/texlive/2015/texmf-dist/tex/latex/psnfss/omxpsycm.fd
File: omxpsycm.fd 2000/01/03 Fontinst v1.801 font definitions for OMX/psycm.
)
LaTeX Font Info:    Font shape `OT1/ptm/bx/n' in size <8> not available
(Font)              Font shape `OT1/ptm/b/n' tried instead on input line 48.
LaTeX Font Info:    Font shape `OT1/ptm/bx/n' in size <6> not available
(Font)              Font shape `OT1/ptm/b/n' tried instead on input line 48.
LaTeX Font Info:    Try loading font information for U+msa on input line 48.

(/usr/local/texlive/2015/texmf-dist/tex/latex/amsfonts/umsa.fd
File: umsa.fd 2013/01/14 v3.01 AMS symbols A
)
LaTeX Font Info:    Try loading font information for U+msb on input line 48.

(/usr/local/texlive/2015/texmf-dist/tex/latex/amsfonts/umsb.fd
File: umsb.fd 2013/01/14 v3.01 AMS symbols B
) [3] [4]
[5] [6] [7] [8] [9] [10] [11]
LaTeX Font Info:    Font shape `OT1/ptm/bx/n' in size <9> not available
(Font)              Font shape `OT1/ptm/b/n' tried instead on input line 121.
LaTeX Font Info:    Font shape `OT1/ptm/bx/n' in size <7> not available
(Font)              Font shape `OT1/ptm/b/n' tried instead on input line 121.
LaTeX Font Info:    Font shape `OT1/ptm/bx/n' in size <5> not available
(Font)              Font shape `OT1/ptm/b/n' tried instead on input line 121.
LaTeX Font Info:    Try loading font information for OML+ptm on input line 121.


(/usr/local/texlive/2015/texmf-dist/tex/latex/psnfss/omlptm.fd
File: omlptm.fd 
)
LaTeX Font Info:    Font shape `OML/ptm/m/n' in size <10.95> not available
(Font)              Font shape `OML/cmm/m/it' tried instead on input line 121.
 [12] [13]
[14] [15] [16] [17] [18] [19] [20] [21] [22] [23] [24] [25] [26]
*geometry* verbose mode - [ newgeometry ] result:
* driver: pdftex
* paper: <default>
* layout: <same size as paper>
* layoutoffset:(h,v)=(0.0pt,0.0pt)
* modes: 
* h-part:(L,W,R)=(28.45274pt, 557.38951pt, 28.45274pt)
* v-part:(T,H,B)=(28.45274pt, 738.0645pt, 28.45274pt)
* \paperwidth=614.295pt
* \paperheight=794.96999pt
* \textwidth=557.38951pt
* \textheight=738.0645pt
* \oddsidemargin=-43.81725pt
* \evensidemargin=-43.81725pt
* \topmargin=-80.81725pt
* \headheight=12.0pt
* \headsep=25.0pt
* \topskip=11.0pt
* \footskip=30.0pt
* \marginparwidth=59.0pt
* \marginparsep=10.0pt
* \columnsep=10.0pt
* \skip\footins=10.0pt plus 4.0pt minus 2.0pt
* \hoffset=0.0pt
* \voffset=0.0pt
* \mag=1000
* \@twocolumnfalse
* \@twosidefalse
* \@mparswitchfalse
* \@reversemarginfalse
* (1in=72.27pt=25.4mm, 1cm=28.453pt)


Underfull \hbox (badness 10000) in paragraph at lines 275--275
[]|\OT1/ptm/m/n/9 non-necessity--
 []


Underfull \hbox (badness 10000) in paragraph at lines 275--275
\OT1/ptm/m/n/9 necessity,
 []


Underfull \hbox (badness 10000) in paragraph at lines 275--275
\OT1/ptm/m/n/9 possibility--
 []


Underfull \hbox (badness 10000) in paragraph at lines 275--275
\OT1/ptm/m/n/9 impossibility,
 []


Underfull \hbox (badness 10000) in paragraph at lines 275--275
[]|\OT1/ptm/m/n/9 5;1--5;11,
 []


Underfull \hbox (badness 10000) in paragraph at lines 275--275
\OT1/ptm/m/n/9 7;1--8;0,
 []


Underfull \hbox (badness 10000) in paragraph at lines 275--275
\OT1/ptm/m/n/9 9;0--9;5,
 []


Underfull \hbox (badness 1571) in paragraph at lines 276--276
\OT1/ptm/m/n/9 in-fe-lic-i-tous weak de-scrip-tions for num-bers, and for
 []


Underfull \hbox (badness 10000) in paragraph at lines 277--277
[]|\OT1/ptm/m/n/9 some--all,
 []


Underfull \hbox (badness 10000) in paragraph at lines 277--277
\OT1/ptm/m/n/9 ad-hoc,
 []


Underfull \hbox (badness 10000) in paragraph at lines 278--278
[]\OT1/ptm/m/n/9 Guasti,
 []


Underfull \hbox (badness 10000) in paragraph at lines 278--278
\OT1/ptm/m/n/9 Chier-chia,
 []


Underfull \hbox (badness 4441) in paragraph at lines 278--278
\OT1/ptm/m/n/9 Crain, Fop-polo,
 []


Underfull \hbox (badness 10000) in paragraph at lines 278--278
[]|\OT1/ptm/m/n/9 ``Some gi-raffes have long necks''
 []


Underfull \hbox (badness 1552) in paragraph at lines 278--278
\OT1/ptm/m/n/9 (repli-ca-tion of Noveck (2001)), and
 []


Underfull \hbox (badness 10000) in paragraph at lines 278--278
\OT1/ptm/m/n/9 scene de-scrip-tions, e.g. ``Some
 []


Underfull \hbox (badness 10000) in paragraph at lines 278--278
[]|\OT1/ptm/m/n/9 Context mat-ters: 7-year-olds re-li-ably com-puter
 []


Underfull \hbox (badness 1881) in paragraph at lines 278--278
\OT1/ptm/m/n/9 their sen-si-tiv-ity to the in-for-ma-tive-ness of speak-ers'
 []


Underfull \hbox (badness 1194) in paragraph at lines 278--278
\OT1/ptm/m/n/9 de-scrip-tions (e.g., call-ing a grape ``fruit'' in-stead of
 []


Underfull \hbox (badness 3849) in paragraph at lines 279--279
[]|\OT1/ptm/m/n/9 Miller, Schmitt,
 []


Underfull \hbox (badness 10000) in paragraph at lines 279--279
[]|\OT1/ptm/m/n/9 ``Make some faces HAPPY/Make
 []


Underfull \hbox (badness 10000) in paragraph at lines 279--279
\OT1/ptm/m/n/9 SOME faces happy/Make some
 []


Underfull \hbox (badness 6725) in paragraph at lines 279--279
\OT1/ptm/m/n/9 HAPPY faces'' (Study 1), ``Show
 []


Underfull \hbox (badness 5475) in paragraph at lines 279--279
\OT1/ptm/m/n/9 me where Pete made some faces
 []


Underfull \hbox (badness 1394) in paragraph at lines 279--279
\OT1/ptm/m/n/9 HAPPY/Show me where Pete made
 []


Underfull \hbox (badness 1852) in paragraph at lines 280--280
[]|\OT1/ptm/m/n/9 Time scale mat-ters: Across stud-ies, chil-dren were
 []


Underfull \hbox (badness 10000) in paragraph at lines 281--281
[]|\OT1/ptm/m/n/9 some--all,
 []


Underfull \hbox (badness 3884) in paragraph at lines 282--282
[]|\OT1/ptm/m/n/9 Barner, Brooks,
 []


Underfull \hbox (badness 10000) in paragraph at lines 282--282
[]|\OT1/ptm/m/n/9 some--all,
 []


Underfull \hbox (badness 10000) in paragraph at lines 283--283
\OT1/ptm/m/n/9 Papafragou
 []

[27] <figures/implicatures_demo_letters.png, id=96, 997.7275pt x 364.36125pt>
File: figures/implicatures_demo_letters.png Graphic file (type png)

<use figures/implicatures_demo_letters.png>
Package pdftex.def Info: figures/implicatures_demo_letters.png used on input li
ne 304.
(pdftex.def)             Requested size: 395.7803pt x 144.54pt.

<figures/exp1_performance.pdf, id=97, 469.755pt x 252.945pt>
File: figures/exp1_performance.pdf Graphic file (type pdf)

<use figures/exp1_performance.pdf>
Package pdftex.def Info: figures/exp1_performance.pdf used on input line 331.
(pdftex.def)             Requested size: 433.62pt x 233.488pt.

Overfull \hbox (3.61537pt too wide) in paragraph at lines 331--332
 [] 
 []

<figures/exp1_hist.pdf, id=98, 433.62pt x 252.945pt>
File: figures/exp1_hist.pdf Graphic file (type pdf)

<use figures/exp1_hist.pdf>
Package pdftex.def Info: figures/exp1_hist.pdf used on input line 338.
(pdftex.def)             Requested size: 433.62pt x 252.95595pt.

Overfull \hbox (3.61537pt too wide) in paragraph at lines 338--339
 [] 
 []

<figures/exp2_performance.pdf, id=99, 433.62pt x 252.945pt>
File: figures/exp2_performance.pdf Graphic file (type pdf)

<use figures/exp2_performance.pdf>
Package pdftex.def Info: figures/exp2_performance.pdf used on input line 360.
(pdftex.def)             Requested size: 433.62pt x 252.95595pt.

Overfull \hbox (3.61537pt too wide) in paragraph at lines 360--361
 [] 
 []

<figures/exp2_wrong.pdf, id=100, 433.62pt x 252.945pt>
File: figures/exp2_wrong.pdf Graphic file (type pdf)

<use figures/exp2_wrong.pdf>
Package pdftex.def Info: figures/exp2_wrong.pdf used on input line 367.
(pdftex.def)             Requested size: 433.62pt x 252.95595pt.

Overfull \hbox (3.61537pt too wide) in paragraph at lines 367--368
 [] 
 []

<figures/exp3_SIperformance.pdf, id=101, 433.62pt x 252.945pt>
File: figures/exp3_SIperformance.pdf Graphic file (type pdf)

<use figures/exp3_SIperformance.pdf>
Package pdftex.def Info: figures/exp3_SIperformance.pdf used on input line 389.

(pdftex.def)             Requested size: 433.62pt x 252.95595pt.

Overfull \hbox (3.61537pt too wide) in paragraph at lines 389--390
 [] 
 []

<figures/exp3_GQperf.pdf, id=102, 433.62pt x 252.945pt>
File: figures/exp3_GQperf.pdf Graphic file (type pdf)

<use figures/exp3_GQperf.pdf>
Package pdftex.def Info: figures/exp3_GQperf.pdf used on input line 396.
(pdftex.def)             Requested size: 433.62pt x 252.95595pt.

Overfull \hbox (3.61537pt too wide) in paragraph at lines 396--397
 [] 
 []

<figures/exp3_SIwrong.pdf, id=103, 433.62pt x 252.945pt>
File: figures/exp3_SIwrong.pdf Graphic file (type pdf)

<use figures/exp3_SIwrong.pdf>
Package pdftex.def Info: figures/exp3_SIwrong.pdf used on input line 404.
(pdftex.def)             Requested size: 433.62pt x 252.95595pt.

Overfull \hbox (3.61537pt too wide) in paragraph at lines 404--405
 [] 
 []

<figures/exp3_GQhist.pdf, id=104, 433.62pt x 289.08pt>
File: figures/exp3_GQhist.pdf Graphic file (type pdf)

<use figures/exp3_GQhist.pdf>
Package pdftex.def Info: figures/exp3_GQhist.pdf used on input line 411.
(pdftex.def)             Requested size: 433.62pt x 289.09251pt.

Overfull \hbox (3.61537pt too wide) in paragraph at lines 411--412
 [] 
 []

(./HorowitzSchneiderFrank_Manuscript.bbl [28 <./figures/implicatures_demo_lette
rs.png>] [29 <./figures/exp1_performance.pdf>] [30 <./figures/exp1_hist.pdf>]
[31 <./figures/exp2_performance.pdf>] [32 <./figures/exp2_wrong.pdf>] [33 <./fi
gures/exp3_SIperformance.pdf>] [34 <./figures/exp3_GQperf.pdf>] [35 <./figures/
exp3_SIwrong.pdf>] [36 <./figures/exp3_GQhist.pdf>]
Missing character: There is no ’ in font ptmr7t!
Missing character: There is no ” in font ptmr7t!
 [37





]
./HorowitzSchneiderFrank_Manuscript.bbl:406: Missing $ inserted.
<inserted text> 
                $
l.406 ...CrefDOI} \doi{10.1207/s15473341lld0202_1}
                                                   \end{APACrefDOI}
? 
./HorowitzSchneiderFrank_Manuscript.bbl:406: Missing $ inserted.
<inserted text> 
                $
l.406 ...1207/s15473341lld0202_1} \end{APACrefDOI}
                                                  
? 
[38]
./HorowitzSchneiderFrank_Manuscript.bbl:608: Missing $ inserted.
<inserted text> 
                $
l.608 ...ACrefDOI} \doi{10.1207/s15327817la1201_3}
                                                   \end{APACrefDOI}
? 
./HorowitzSchneiderFrank_Manuscript.bbl:608: Missing $ inserted.
<inserted text> 
                $
l.608 ....1207/s15327817la1201_3} \end{APACrefDOI}
                                                  
? 
) [39] (./HorowitzSchneiderFrank_Manuscript.aux) )
(\end occurred inside a group at level 1)

### simple group (level 1) entered at line 234 ({)
### bottom level 
Here is how much of TeX's memory you used:
 5416 strings out of 493089
 77356 string characters out of 6134842
 168257 words of memory out of 5000000
 8757 multiletter control sequences out of 15000+600000
 43496 words of font info for 103 fonts, out of 8000000 for 9000
 1141 hyphenation exceptions out of 8191
 38i,12n,38p,1376b,476s stack positions out of 5000i,500n,10000p,200000b,80000s
{/usr/local/texlive/2015/texmf-dist/fonts/enc/dvips/base/8r.enc
}</usr/local/texlive/2015/texmf-dist/fonts/type1/public/amsfonts/cm/cmmi10.pfb>
</usr/local/texlive/2015/texmf-dist/fonts/type1/public/amsfonts/cm/cmr10.pfb></
usr/local/texlive/2015/texmf-dist/fonts/type1/public/amsfonts/cm/cmsy10.pfb></u
sr/local/texlive/2015/texmf-dist/fonts/type1/urw/courier/ucrr8a.pfb></usr/local
/texlive/2015/texmf-dist/fonts/type1/urw/symbol/usyr.pfb></usr/local/texlive/20
15/texmf-dist/fonts/type1/urw/times/utmb8a.pfb></usr/local/texlive/2015/texmf-d
ist/fonts/type1/urw/times/utmr8a.pfb></usr/local/texlive/2015/texmf-dist/fonts/
type1/urw/times/utmri8a.pfb>
Output written on HorowitzSchneiderFrank_Manuscript.pdf (39 pages, 362489 bytes
).
PDF statistics:
 257 PDF objects out of 1000 (max. 8388607)
 189 compressed objects within 2 object streams
 0 named destinations out of 1000 (max. 500000)
 46 words of extra memory for PDF output out of 10000 (max. 10000000)

